[29-Mar-2023 18:11:44 UTC] PHP Warning:  Undefined variable $id_utilisateur in C:\wamp64\www\Projets\Projet-java-Android-reseau\index.php on line 23
[29-Mar-2023 18:11:44 UTC] PHP Stack trace:
[29-Mar-2023 18:11:44 UTC] PHP   1. {main}() C:\wamp64\www\Projets\Projet-java-Android-reseau\index.php:0
[29-Mar-2023 18:11:44 UTC] PHP Fatal error:  Uncaught TypeError: mysqli_num_rows(): Argument #1 ($result) must be of type mysqli_result, bool given in C:\wamp64\www\Projets\Projet-java-Android-reseau\index.php:28
Stack trace:
#0 C:\wamp64\www\Projets\Projet-java-Android-reseau\index.php(28): mysqli_num_rows(false)
#1 {main}
  thrown in C:\wamp64\www\Projets\Projet-java-Android-reseau\index.php on line 28
[30-Mar-2023 09:46:23 UTC] PHP Warning:  Undefined variable $id_user in C:\wamp64\www\Projets\Projet-java-Android-reseau\connexion.php on line 27
[30-Mar-2023 09:46:23 UTC] PHP Stack trace:
[30-Mar-2023 09:46:23 UTC] PHP   1. {main}() C:\wamp64\www\Projets\Projet-java-Android-reseau\connexion.php:0
[30-Mar-2023 09:46:23 UTC] PHP Warning:  Undefined variable $id_user in C:\wamp64\www\Projets\Projet-java-Android-reseau\connexion.php on line 28
[30-Mar-2023 09:46:23 UTC] PHP Stack trace:
[30-Mar-2023 09:46:23 UTC] PHP   1. {main}() C:\wamp64\www\Projets\Projet-java-Android-reseau\connexion.php:0
[30-Mar-2023 09:47:42 UTC] PHP Warning:  Undefined variable $id_user in C:\wamp64\www\Projets\Projet-java-Android-reseau\connexion.php on line 27
[30-Mar-2023 09:47:42 UTC] PHP Stack trace:
[30-Mar-2023 09:47:42 UTC] PHP   1. {main}() C:\wamp64\www\Projets\Projet-java-Android-reseau\connexion.php:0
[30-Mar-2023 09:47:42 UTC] PHP Warning:  Undefined variable $id_user in C:\wamp64\www\Projets\Projet-java-Android-reseau\connexion.php on line 28
[30-Mar-2023 09:47:42 UTC] PHP Stack trace:
[30-Mar-2023 09:47:42 UTC] PHP   1. {main}() C:\wamp64\www\Projets\Projet-java-Android-reseau\connexion.php:0
[30-Mar-2023 09:47:46 UTC] PHP Warning:  Undefined variable $id_user in C:\wamp64\www\Projets\Projet-java-Android-reseau\connexion.php on line 27
[30-Mar-2023 09:47:46 UTC] PHP Stack trace:
[30-Mar-2023 09:47:46 UTC] PHP   1. {main}() C:\wamp64\www\Projets\Projet-java-Android-reseau\connexion.php:0
[30-Mar-2023 09:47:46 UTC] PHP Warning:  Undefined variable $id_user in C:\wamp64\www\Projets\Projet-java-Android-reseau\connexion.php on line 28
[30-Mar-2023 09:47:46 UTC] PHP Stack trace:
[30-Mar-2023 09:47:46 UTC] PHP   1. {main}() C:\wamp64\www\Projets\Projet-java-Android-reseau\connexion.php:0
[30-Mar-2023 11:00:44 UTC] PHP Warning:  Undefined variable $id_user in C:\wamp64\www\Projets\Projet-java-Android-reseau\connexion.php on line 28
[30-Mar-2023 11:00:44 UTC] PHP Stack trace:
[30-Mar-2023 11:00:44 UTC] PHP   1. {main}() C:\wamp64\www\Projets\Projet-java-Android-reseau\connexion.php:0
[30-Mar-2023 11:00:44 UTC] PHP Warning:  Undefined variable $id_user in C:\wamp64\www\Projets\Projet-java-Android-reseau\connexion.php on line 36
[30-Mar-2023 11:00:44 UTC] PHP Stack trace:
[30-Mar-2023 11:00:44 UTC] PHP   1. {main}() C:\wamp64\www\Projets\Projet-java-Android-reseau\connexion.php:0
[30-Mar-2023 11:00:52 UTC] PHP Warning:  Undefined variable $id_user in C:\wamp64\www\Projets\Projet-java-Android-reseau\connexion.php on line 28
[30-Mar-2023 11:00:52 UTC] PHP Stack trace:
[30-Mar-2023 11:00:52 UTC] PHP   1. {main}() C:\wamp64\www\Projets\Projet-java-Android-reseau\connexion.php:0
[30-Mar-2023 11:01:28 UTC] PHP Warning:  Undefined variable $id_user in C:\wamp64\www\Projets\Projet-java-Android-reseau\connexion.php on line 28
[30-Mar-2023 11:01:28 UTC] PHP Stack trace:
[30-Mar-2023 11:01:28 UTC] PHP   1. {main}() C:\wamp64\www\Projets\Projet-java-Android-reseau\connexion.php:0
[30-Mar-2023 11:01:38 UTC] PHP Warning:  Undefined variable $id_user in C:\wamp64\www\Projets\Projet-java-Android-reseau\connexion.php on line 28
[30-Mar-2023 11:01:38 UTC] PHP Stack trace:
[30-Mar-2023 11:01:38 UTC] PHP   1. {main}() C:\wamp64\www\Projets\Projet-java-Android-reseau\connexion.php:0
[30-Mar-2023 12:27:25 UTC] PHP Warning:  Undefined variable $id_user in C:\wamp64\www\Projets\Projet-java-Android-reseau\connexion.php on line 28
[30-Mar-2023 12:27:25 UTC] PHP Stack trace:
[30-Mar-2023 12:27:25 UTC] PHP   1. {main}() C:\wamp64\www\Projets\Projet-java-Android-reseau\connexion.php:0
[30-Mar-2023 13:00:31 UTC] PHP Warning:  Undefined variable $response in C:\wamp64\www\Projets\Projet-java-Android-reseau\connexion.php on line 55
[30-Mar-2023 13:00:31 UTC] PHP Stack trace:
[30-Mar-2023 13:00:31 UTC] PHP   1. {main}() C:\wamp64\www\Projets\Projet-java-Android-reseau\connexion.php:0
[30-Mar-2023 13:01:05 UTC] PHP Warning:  Undefined variable $response in C:\wamp64\www\Projets\Projet-java-Android-reseau\connexion.php on line 55
[30-Mar-2023 13:01:05 UTC] PHP Stack trace:
[30-Mar-2023 13:01:05 UTC] PHP   1. {main}() C:\wamp64\www\Projets\Projet-java-Android-reseau\connexion.php:0
[30-Mar-2023 13:10:12 UTC] PHP Warning:  Undefined variable $response in C:\wamp64\www\Projets\Projet-java-Android-reseau\connexion.php on line 55
[30-Mar-2023 13:10:12 UTC] PHP Stack trace:
[30-Mar-2023 13:10:12 UTC] PHP   1. {main}() C:\wamp64\www\Projets\Projet-java-Android-reseau\connexion.php:0
[30-Mar-2023 13:41:45 UTC] PHP Warning:  Undefined variable $response in C:\wamp64\www\Projets\Projet-java-Android-reseau\connexion.php on line 55
[30-Mar-2023 13:41:45 UTC] PHP Stack trace:
[30-Mar-2023 13:41:45 UTC] PHP   1. {main}() C:\wamp64\www\Projets\Projet-java-Android-reseau\connexion.php:0
[30-Mar-2023 13:41:47 UTC] PHP Warning:  Undefined variable $response in C:\wamp64\www\Projets\Projet-java-Android-reseau\connexion.php on line 55
[30-Mar-2023 13:41:47 UTC] PHP Stack trace:
[30-Mar-2023 13:41:47 UTC] PHP   1. {main}() C:\wamp64\www\Projets\Projet-java-Android-reseau\connexion.php:0
[30-Mar-2023 13:41:51 UTC] PHP Warning:  Undefined variable $response in C:\wamp64\www\Projets\Projet-java-Android-reseau\connexion.php on line 55
[30-Mar-2023 13:41:51 UTC] PHP Stack trace:
[30-Mar-2023 13:41:51 UTC] PHP   1. {main}() C:\wamp64\www\Projets\Projet-java-Android-reseau\connexion.php:0
[30-Mar-2023 13:53:44 UTC] PHP Warning:  Undefined variable $response in C:\wamp64\www\Projets\Projet-java-Android-reseau\connexion.php on line 53
[30-Mar-2023 13:53:44 UTC] PHP Stack trace:
[30-Mar-2023 13:53:44 UTC] PHP   1. {main}() C:\wamp64\www\Projets\Projet-java-Android-reseau\connexion.php:0
[30-Mar-2023 13:53:45 UTC] PHP Warning:  Undefined variable $response in C:\wamp64\www\Projets\Projet-java-Android-reseau\connexion.php on line 53
[30-Mar-2023 13:53:45 UTC] PHP Stack trace:
[30-Mar-2023 13:53:45 UTC] PHP   1. {main}() C:\wamp64\www\Projets\Projet-java-Android-reseau\connexion.php:0
[30-Mar-2023 13:56:19 UTC] PHP Warning:  Undefined variable $response in C:\wamp64\www\Projets\Projet-java-Android-reseau\connexion.php on line 53
[30-Mar-2023 13:56:19 UTC] PHP Stack trace:
[30-Mar-2023 13:56:19 UTC] PHP   1. {main}() C:\wamp64\www\Projets\Projet-java-Android-reseau\connexion.php:0
[31-Mar-2023 21:43:07 UTC] PHP Warning:  Undefined array key "id" in C:\wamp64\www\Projets\Projet-java-Android-reseau\connexion.php on line 33
[31-Mar-2023 21:43:07 UTC] PHP Stack trace:
[31-Mar-2023 21:43:07 UTC] PHP   1. {main}() C:\wamp64\www\Projets\Projet-java-Android-reseau\connexion.php:0
[01-Apr-2023 10:26:39 UTC] PHP Warning:  Undefined array key "id" in C:\wamp64\www\Projets\Projet-java-Android-reseau\connexion.php on line 33
[01-Apr-2023 10:26:39 UTC] PHP Stack trace:
[01-Apr-2023 10:26:39 UTC] PHP   1. {main}() C:\wamp64\www\Projets\Projet-java-Android-reseau\connexion.php:0
[01-Apr-2023 10:27:51 UTC] PHP Warning:  Undefined array key "id" in C:\wamp64\www\Projets\Projet-java-Android-reseau\connexion.php on line 33
[01-Apr-2023 10:27:51 UTC] PHP Stack trace:
[01-Apr-2023 10:27:51 UTC] PHP   1. {main}() C:\wamp64\www\Projets\Projet-java-Android-reseau\connexion.php:0
[01-Apr-2023 10:28:43 UTC] PHP Warning:  Undefined array key "id" in C:\wamp64\www\Projets\Projet-java-Android-reseau\connexion.php on line 33
[01-Apr-2023 10:28:43 UTC] PHP Stack trace:
[01-Apr-2023 10:28:43 UTC] PHP   1. {main}() C:\wamp64\www\Projets\Projet-java-Android-reseau\connexion.php:0
[01-Apr-2023 10:29:39 UTC] PHP Warning:  Undefined array key "id" in C:\wamp64\www\Projets\Projet-java-Android-reseau\connexion.php on line 33
[01-Apr-2023 10:29:39 UTC] PHP Stack trace:
[01-Apr-2023 10:29:39 UTC] PHP   1. {main}() C:\wamp64\www\Projets\Projet-java-Android-reseau\connexion.php:0
[01-Apr-2023 10:35:45 UTC] PHP Warning:  Undefined array key "id" in C:\wamp64\www\Projets\Projet-java-Android-reseau\connexion.php on line 33
[01-Apr-2023 10:35:45 UTC] PHP Stack trace:
[01-Apr-2023 10:35:45 UTC] PHP   1. {main}() C:\wamp64\www\Projets\Projet-java-Android-reseau\connexion.php:0
[01-Apr-2023 10:35:45 UTC] PHP Warning:  Undefined array key "nom" in C:\wamp64\www\Projets\Projet-java-Android-reseau\connexion.php on line 36
[01-Apr-2023 10:35:45 UTC] PHP Stack trace:
[01-Apr-2023 10:35:45 UTC] PHP   1. {main}() C:\wamp64\www\Projets\Projet-java-Android-reseau\connexion.php:0
[01-Apr-2023 10:39:35 UTC] PHP Warning:  Undefined array key "id" in C:\wamp64\www\Projets\Projet-java-Android-reseau\connexion.php on line 33
[01-Apr-2023 10:39:35 UTC] PHP Stack trace:
[01-Apr-2023 10:39:35 UTC] PHP   1. {main}() C:\wamp64\www\Projets\Projet-java-Android-reseau\connexion.php:0
[01-Apr-2023 10:39:35 UTC] PHP Warning:  Undefined array key "nom" in C:\wamp64\www\Projets\Projet-java-Android-reseau\connexion.php on line 36
[01-Apr-2023 10:39:35 UTC] PHP Stack trace:
[01-Apr-2023 10:39:35 UTC] PHP   1. {main}() C:\wamp64\www\Projets\Projet-java-Android-reseau\connexion.php:0
[01-Apr-2023 10:40:47 UTC] PHP Warning:  Undefined array key "id" in C:\wamp64\www\Projets\Projet-java-Android-reseau\connexion.php on line 33
[01-Apr-2023 10:40:47 UTC] PHP Stack trace:
[01-Apr-2023 10:40:47 UTC] PHP   1. {main}() C:\wamp64\www\Projets\Projet-java-Android-reseau\connexion.php:0
[01-Apr-2023 10:40:47 UTC] PHP Warning:  Undefined array key "nom" in C:\wamp64\www\Projets\Projet-java-Android-reseau\connexion.php on line 37
[01-Apr-2023 10:40:47 UTC] PHP Stack trace:
[01-Apr-2023 10:40:47 UTC] PHP   1. {main}() C:\wamp64\www\Projets\Projet-java-Android-reseau\connexion.php:0
[01-Apr-2023 10:44:14 UTC] PHP Warning:  Undefined array key "id" in C:\wamp64\www\Projets\Projet-java-Android-reseau\connexion.php on line 33
[01-Apr-2023 10:44:14 UTC] PHP Stack trace:
[01-Apr-2023 10:44:14 UTC] PHP   1. {main}() C:\wamp64\www\Projets\Projet-java-Android-reseau\connexion.php:0
[01-Apr-2023 10:44:14 UTC] PHP Warning:  Undefined array key "nom" in C:\wamp64\www\Projets\Projet-java-Android-reseau\connexion.php on line 36
[01-Apr-2023 10:44:14 UTC] PHP Stack trace:
[01-Apr-2023 10:44:14 UTC] PHP   1. {main}() C:\wamp64\www\Projets\Projet-java-Android-reseau\connexion.php:0
[01-Apr-2023 10:44:26 UTC] PHP Warning:  Undefined array key "id" in C:\wamp64\www\Projets\Projet-java-Android-reseau\connexion.php on line 33
[01-Apr-2023 10:44:26 UTC] PHP Stack trace:
[01-Apr-2023 10:44:26 UTC] PHP   1. {main}() C:\wamp64\www\Projets\Projet-java-Android-reseau\connexion.php:0
[01-Apr-2023 10:44:26 UTC] PHP Warning:  Undefined array key "nom" in C:\wamp64\www\Projets\Projet-java-Android-reseau\connexion.php on line 36
[01-Apr-2023 10:44:26 UTC] PHP Stack trace:
[01-Apr-2023 10:44:26 UTC] PHP   1. {main}() C:\wamp64\www\Projets\Projet-java-Android-reseau\connexion.php:0
[01-Apr-2023 10:45:54 UTC] PHP Warning:  Undefined array key "id" in C:\wamp64\www\Projets\Projet-java-Android-reseau\connexion.php on line 33
[01-Apr-2023 10:45:54 UTC] PHP Stack trace:
[01-Apr-2023 10:45:54 UTC] PHP   1. {main}() C:\wamp64\www\Projets\Projet-java-Android-reseau\connexion.php:0
[01-Apr-2023 10:45:54 UTC] PHP Warning:  Undefined array key "nom" in C:\wamp64\www\Projets\Projet-java-Android-reseau\connexion.php on line 36
[01-Apr-2023 10:45:54 UTC] PHP Stack trace:
[01-Apr-2023 10:45:54 UTC] PHP   1. {main}() C:\wamp64\www\Projets\Projet-java-Android-reseau\connexion.php:0
[01-Apr-2023 10:46:24 UTC] PHP Warning:  Undefined array key "nom" in C:\wamp64\www\Projets\Projet-java-Android-reseau\connexion.php on line 36
[01-Apr-2023 10:46:24 UTC] PHP Stack trace:
[01-Apr-2023 10:46:24 UTC] PHP   1. {main}() C:\wamp64\www\Projets\Projet-java-Android-reseau\connexion.php:0
[01-Apr-2023 10:46:45 UTC] PHP Warning:  Undefined array key "nom" in C:\wamp64\www\Projets\Projet-java-Android-reseau\connexion.php on line 36
[01-Apr-2023 10:46:45 UTC] PHP Stack trace:
[01-Apr-2023 10:46:45 UTC] PHP   1. {main}() C:\wamp64\www\Projets\Projet-java-Android-reseau\connexion.php:0
[01-Apr-2023 12:30:11 UTC] PHP Warning:  Undefined variable $bio in C:\wamp64\www\Projets\Projet-java-Android-reseau\upload.php on line 63
[01-Apr-2023 12:30:11 UTC] PHP Stack trace:
[01-Apr-2023 12:30:11 UTC] PHP   1. {main}() C:\wamp64\www\Projets\Projet-java-Android-reseau\upload.php:0
[01-Apr-2023 12:30:44 UTC] PHP Warning:  Undefined variable $bio in C:\wamp64\www\Projets\Projet-java-Android-reseau\upload.php on line 63
[01-Apr-2023 12:30:44 UTC] PHP Stack trace:
[01-Apr-2023 12:30:44 UTC] PHP   1. {main}() C:\wamp64\www\Projets\Projet-java-Android-reseau\upload.php:0
[01-Apr-2023 12:34:46 UTC] PHP Warning:  Undefined variable $bio in C:\wamp64\www\Projets\Projet-java-Android-reseau\upload.php on line 65
[01-Apr-2023 12:34:46 UTC] PHP Stack trace:
[01-Apr-2023 12:34:46 UTC] PHP   1. {main}() C:\wamp64\www\Projets\Projet-java-Android-reseau\upload.php:0
[01-Apr-2023 12:35:44 UTC] PHP Warning:  Undefined variable $bio in C:\wamp64\www\Projets\Projet-java-Android-reseau\upload.php on line 65
[01-Apr-2023 12:35:44 UTC] PHP Stack trace:
[01-Apr-2023 12:35:44 UTC] PHP   1. {main}() C:\wamp64\www\Projets\Projet-java-Android-reseau\upload.php:0
[01-Apr-2023 12:36:18 UTC] PHP Warning:  Undefined variable $bio in C:\wamp64\www\Projets\Projet-java-Android-reseau\upload.php on line 65
[01-Apr-2023 12:36:18 UTC] PHP Stack trace:
[01-Apr-2023 12:36:18 UTC] PHP   1. {main}() C:\wamp64\www\Projets\Projet-java-Android-reseau\upload.php:0
[01-Apr-2023 12:36:33 UTC] PHP Warning:  Undefined variable $bio in C:\wamp64\www\Projets\Projet-java-Android-reseau\upload.php on line 65
[01-Apr-2023 12:36:33 UTC] PHP Stack trace:
[01-Apr-2023 12:36:33 UTC] PHP   1. {main}() C:\wamp64\www\Projets\Projet-java-Android-reseau\upload.php:0
[01-Apr-2023 13:02:44 UTC] PHP Warning:  Undefined variable $pseudo in C:\wamp64\www\Projets\Projet-java-Android-reseau\upload.php on line 70
[01-Apr-2023 13:02:44 UTC] PHP Stack trace:
[01-Apr-2023 13:02:44 UTC] PHP   1. {main}() C:\wamp64\www\Projets\Projet-java-Android-reseau\upload.php:0
[01-Apr-2023 13:02:44 UTC] PHP Warning:  Undefined variable $bio in C:\wamp64\www\Projets\Projet-java-Android-reseau\upload.php on line 70
[01-Apr-2023 13:02:44 UTC] PHP Stack trace:
[01-Apr-2023 13:02:44 UTC] PHP   1. {main}() C:\wamp64\www\Projets\Projet-java-Android-reseau\upload.php:0
[01-Apr-2023 13:28:58 UTC] PHP Warning:  Undefined variable $pseudo in C:\wamp64\www\Projets\Projet-java-Android-reseau\upload.php on line 72
[01-Apr-2023 13:28:58 UTC] PHP Stack trace:
[01-Apr-2023 13:28:58 UTC] PHP   1. {main}() C:\wamp64\www\Projets\Projet-java-Android-reseau\upload.php:0
[01-Apr-2023 13:28:58 UTC] PHP Warning:  Undefined variable $bio in C:\wamp64\www\Projets\Projet-java-Android-reseau\upload.php on line 72
[01-Apr-2023 13:28:58 UTC] PHP Stack trace:
[01-Apr-2023 13:28:58 UTC] PHP   1. {main}() C:\wamp64\www\Projets\Projet-java-Android-reseau\upload.php:0
[01-Apr-2023 13:29:13 UTC] PHP Warning:  Undefined variable $bio in C:\wamp64\www\Projets\Projet-java-Android-reseau\upload.php on line 72
[01-Apr-2023 13:29:13 UTC] PHP Stack trace:
[01-Apr-2023 13:29:13 UTC] PHP   1. {main}() C:\wamp64\www\Projets\Projet-java-Android-reseau\upload.php:0
[01-Apr-2023 13:30:53 UTC] PHP Warning:  Undefined variable $pseudo in C:\wamp64\www\Projets\Projet-java-Android-reseau\upload.php on line 72
[01-Apr-2023 13:30:53 UTC] PHP Stack trace:
[01-Apr-2023 13:30:53 UTC] PHP   1. {main}() C:\wamp64\www\Projets\Projet-java-Android-reseau\upload.php:0
[01-Apr-2023 13:30:53 UTC] PHP Warning:  Undefined variable $bio in C:\wamp64\www\Projets\Projet-java-Android-reseau\upload.php on line 72
[01-Apr-2023 13:30:53 UTC] PHP Stack trace:
[01-Apr-2023 13:30:53 UTC] PHP   1. {main}() C:\wamp64\www\Projets\Projet-java-Android-reseau\upload.php:0
[01-Apr-2023 13:31:02 UTC] PHP Warning:  Undefined variable $pseudo in C:\wamp64\www\Projets\Projet-java-Android-reseau\upload.php on line 72
[01-Apr-2023 13:31:02 UTC] PHP Stack trace:
[01-Apr-2023 13:31:02 UTC] PHP   1. {main}() C:\wamp64\www\Projets\Projet-java-Android-reseau\upload.php:0
[01-Apr-2023 13:31:02 UTC] PHP Warning:  Undefined variable $bio in C:\wamp64\www\Projets\Projet-java-Android-reseau\upload.php on line 72
[01-Apr-2023 13:31:02 UTC] PHP Stack trace:
[01-Apr-2023 13:31:02 UTC] PHP   1. {main}() C:\wamp64\www\Projets\Projet-java-Android-reseau\upload.php:0
[01-Apr-2023 13:42:14 UTC] PHP Warning:  Undefined variable $query in C:\wamp64\www\Projets\Projet-java-Android-reseau\upload.php on line 84
[01-Apr-2023 13:42:14 UTC] PHP Stack trace:
[01-Apr-2023 13:42:14 UTC] PHP   1. {main}() C:\wamp64\www\Projets\Projet-java-Android-reseau\upload.php:0
[01-Apr-2023 13:42:56 UTC] PHP Warning:  Undefined variable $query in C:\wamp64\www\Projets\Projet-java-Android-reseau\upload.php on line 75
[01-Apr-2023 13:42:56 UTC] PHP Stack trace:
[01-Apr-2023 13:42:56 UTC] PHP   1. {main}() C:\wamp64\www\Projets\Projet-java-Android-reseau\upload.php:0
[01-Apr-2023 13:54:29 UTC] PHP Warning:  Undefined variable $content in C:\wamp64\www\Projets\Projet-java-Android-reseau\upload.php on line 87
[01-Apr-2023 13:54:29 UTC] PHP Stack trace:
[01-Apr-2023 13:54:29 UTC] PHP   1. {main}() C:\wamp64\www\Projets\Projet-java-Android-reseau\upload.php:0
